


ARM Macro Assembler    Page 1 


    1 00000000         
    2 00000000                 AREA             | .text|,CODE,READONLY,ALIGN=2
    3 00000000                 THUMB
    4 00000000                 PRESERVE8
    5 00000000                 EXTERN           currentPt
    6 00000000                 EXTERN           uwTick
    7 00000000                 EXTERN           uwTickFreq
    8 00000000                 IMPORT           HAL_IncTick
    9 00000000                 IMPORT           GreenLedToggle
   10 00000000                 IMPORT           osSchedulerRoundRobin
   11 00000000         ;EXPORT SysTick_Handler ;ä½¿å½“å‰å‡½æ•°å¯ä»¥è¢«å…¶ä»–å
                       ¤–éƒ¨æ–‡ä»¶çœ‹åˆ°
   12 00000000         ;EXPORT PendSV_Handler
   13 00000000         ; EXPORT osSchedulerLauch
   14 00000000         
   15 00000000         PendSV_Handler
   16 00000000 E014            B                CONTEXT_SWITCH_C
   17 00000002         
   18 00000002         
   19 00000002         
   20 00000002         
   21 00000002         
   22 00000002         
   23 00000002         ;ä»»åŠ¡åˆ‡æ¢å†™åœ¨ SysTick_Handler ä¸­æ–­ä¸­ï¼Œæ­¤ä¸­æ–
                       ­å±žäºŽARMå†…æ ¸æœ¬èº«ï¼Œä¸å±žäºŽå„å¤§èŠ¯ç‰‡åŽ‚å•†ï¼Œé
                       …ç½®ç®€å•åè€Œæœ‰åˆ©äºŽï¼Œç³»ç»Ÿç§»æ¤ã€‚
   24 00000002         SysTick_Handler                      ; SysTick ä¸­æ–­åª
                                                            å±žäºŽ cortex ç³»åˆ
                                                            —
   25 00000002 B500            push             {lr}        ;å°†å½“å‰å‡½æ•°è¿”
                                                            å›žåœ°å€(lrå¯„å­˜å
                                                            ™¨ä¸­å­˜å‚¨)æ”¾å…¥æ
                                                             ˆä¸­ï¼Œç„¶åŽæ‰å
                                                            ¯ä»¥è¿›å…¥æ–°å‡½æ•°
                                                            
   26 00000004 F7FF FFFE       BL               HAL_IncTick ; HAL ä¸­çš„è®¡æ•°å
                                                            ™¨å‡½æ•°
   27 00000008 F85D EB04       pop              {lr}        ;ä»Žè®¡æ•°å™¨å‡½æ•°
                                                            è¿”å›žåŽï¼Œéœ€è¦æ
                                                            ŠŠå‡½æ•°è¿”å›žåœ°å
                                                            €æ”¾åˆ°ï¼Œlrå¯„å­˜å
                                                            ™¨ä¸­,ä½¿å¾—ä¸­æ–­å
                                                            ‡½æ•°å¯ä»¥æ­£ç¡®è¿
                                                            ”å›žã€‚
   28 0000000C E00E            B                CONTEXT_SWITCH_C ;è·³è½¬åˆ°ä¸Šä
                                                            ¸‹æ–‡åˆ‡æ¢å‡½æ•°
   29 0000000E         
   30 0000000E         CONTEXT_SWITCH                       ; ä»»åŠ¡åˆ‡æ¢
   31 0000000E B672            CPSID            I           ;ç¦æ­¢ä¸­æ–­
   32 00000010 E92D 0FF0       PUSH{R4          - R11}      ;å°†å½“å‰ä»»åŠ¡ä¸­
                                                            çš„ R4-R11 å¯„å­˜å™
                                                            ¨å†…å®¹å­˜å‚¨åˆ°æ ˆ
                                                            ä¸­ï¼ŒR0-R3æ ¹æ®çº
                                                            ¦å®šåªå­˜å‚¨å‡½æ•°
                                                            çš„å‚æ•°ï¼Œä¸å‚ä
                                                            ¸Žä¸­é—´è¿‡ç¨‹çš„å¤
                                                            „ç†ï¼Œå› æ­¤æ²¡æœ‰
                                                            å¿…è¦åšç‰¹æ®Šå¤„ç
                                                            †ã€‚



ARM Macro Assembler    Page 2 


   33 00000014 4816            LDR              R0,=currentPt ; currentPtrçš„åœ
                                                            °å€è¢«æ”¾ç½®åˆ°R0å
                                                            ¯„å­˜å™¨ä¸­ã€‚
   34 00000016 6801            LDR              R1,[R0]     ;R1 = currentPtr->S
                                                            tackPtr
   35 00000018 F8C1 D000       STR              SP,[R1]     ;SP = currentPtr->S
                                                            tackPtr
   36 0000001C 6849            LDR              R1,[R1,#4]  ;R1=currentPtr->nex
                                                            tPtr
   37 0000001E 6001            STR              R1,[R0]     ;currentPtr=current
                                                            Ptr->nextPtr 
   38 00000020 F8D1 D000       LDR              SP,[R1]     ;SP=currentPtr->Sta
                                                            ckPtr 
   39 00000024 E8BD 0FF0       POP              {R4 - R11}  ;R4-R11 = currentPt
                                                            r->StackPtr contain
                                                            s
   40 00000028 B662            CPSIE            I           ;å¼€å¯ä¸­æ–­
   41 0000002A 4770            BX               LR          ;å‡½æ•°è¿”å›ž LRæ‰€
                                                            æŒ‡å‘çš„åœ°å€ä¸­(
                                                            ä¸­æ–­ä¸­å®žé™…ä¸Šå
                                                            ¹¶ä¸æ˜¯)ä½†è¿™æ¡å
                                                            ‘½ä»¤çš„ç¡®å¯ä»¥ç»
                                                            “æŸä¸­æ–­è°ƒç”¨ã€‚
                                                            
   42 0000002C         
   43 0000002C         CONTEXT_SWITCH_C                     ; ä»»åŠ¡åˆ‡æ¢ éœ€è
                                                            ¦è°ƒç”¨Cå‡½æ•°ï¼Œæ
                                                            ¥ç®€åŒ–ç›¸å…³ã€‚
   44 0000002C B672            CPSID            I
   45 0000002E E92D 0FF0       PUSH{R4          - R11}
   46 00000032 480F            LDR              R0,=currentPt
   47 00000034 6801            LDR              R1,[R0]     ; R1 = currentPtr->
                                                            StackPtr
   48 00000036 F8C1 D000       STR              SP,[R1]     ; currentPtr->Stack
                                                            Ptr = SP
   49 0000003A B501            PUSH             {R0,LR}
   50 0000003C F7FF FFFE       BL               osSchedulerRoundRobin
   51 00000040 E8BD 4001       POP              {R0,LR}
   52 00000044 6801            LDR              R1,[R0]
   53 00000046 F8D1 D000       LDR              SP,[R1]     ;SP=currentPtr->Sta
                                                            ckPtr 
   54 0000004A E8BD 0FF0       POP              {R4 - R11}  ;currentPtr->StackP
                                                            tr storerage to R4-
                                                            R11
   55 0000004E B662            CPSIE            I
   56 00000050 4770            BX               LR
   57 00000052         
   58 00000052         osSchedulerLauch                     ; æ­¤å‡½æ•°å·²ç»åº
                                                            Ÿå¼ƒï¼Œåœ¨osKernel.
                                                            cä¸­æœ‰æ­¤å‡½æ•°çš„
                                                            ç›¸åŒå®žçŽ°ï¼Œæˆ‘ä
                                                            ¹Ÿæ˜¯å°½å¯èƒ½æŠŠå‡
                                                            ½æ•°éƒ½å†™è¿›ä¸€ä¸ª
                                                            Cæ–‡ä»¶ä¸­
   59 00000052 4807            LDR              R0, =currentPt
   60 00000054 6802            LDR              R2, [R0]    ; R2 =currentPt    
                                                               
   61 00000056 F8D2 D000       LDR              SP, [R2]    ;SP = currentPt->st
                                                            ackPt    



ARM Macro Assembler    Page 3 


   62 0000005A E8BD 0FF0       POP              {R4-R11}
   63 0000005E BC0F            POP              {R0-R3}
   64 00000060 F85D CB04       POP              {R12}
   65 00000064 B001            ADD              SP,SP,#4
   66 00000066 F85D EB04       POP              {LR}
   67 0000006A B001            ADD              SP,SP,#4
   68 0000006C B662            CPSIE            I
   69 0000006E 4770            BX               LR
   70 00000070         
   71 00000070         
   72 00000070         
   73 00000070         
   74 00000070         ALIGN
   75 00000070         END
   76 00000070         
   77 00000070         
   78 00000070         
                       
              00000000 
Command Line: --debug --xref --diag_suppress=9931 --cpu=Cortex-M4 --apcs=interw
ork --depend=f401_cube_simple\oskernel_1.d -of401_cube_simple\oskernel_1.o -I.\
RTE\_f401_cube_simple -ID:\zmz\AppData\Local\Arm\Packs\ARM\CMSIS\5.6.0\CMSIS\Co
re\Include -ID:\zmz\AppData\Local\Arm\Packs\Keil\STM32F4xx_DFP\2.14.0\Drivers\C
MSIS\Device\ST\STM32F4xx\Include --predefine="__MICROLIB SETA 1" --predefine="_
_UVISION_VERSION SETA 528" --predefine="_RTE_ SETA 1" --predefine="STM32F401xE 
SETA 1" --list=oskernel.lst ..\Src\osKernel.s



ARM Macro Assembler    Page 1 Alphabetic symbol ordering
Relocatable symbols

 .text 00000000

Symbol:  .text
   Definitions
      At line 2 in file ..\Src\osKernel.s
   Uses
      None
Comment:  .text unused
ALIGN 00000070

Symbol: ALIGN
   Definitions
      At line 74 in file ..\Src\osKernel.s
   Uses
      None
Comment: ALIGN unused
CONTEXT_SWITCH 0000000E

Symbol: CONTEXT_SWITCH
   Definitions
      At line 30 in file ..\Src\osKernel.s
   Uses
      None
Comment: CONTEXT_SWITCH unused
CONTEXT_SWITCH_C 0000002C

Symbol: CONTEXT_SWITCH_C
   Definitions
      At line 43 in file ..\Src\osKernel.s
   Uses
      At line 16 in file ..\Src\osKernel.s
      At line 28 in file ..\Src\osKernel.s

END 00000070

Symbol: END
   Definitions
      At line 75 in file ..\Src\osKernel.s
   Uses
      None
Comment: END unused
PendSV_Handler 00000000

Symbol: PendSV_Handler
   Definitions
      At line 15 in file ..\Src\osKernel.s
   Uses
      None
Comment: PendSV_Handler unused
SysTick_Handler 00000002

Symbol: SysTick_Handler
   Definitions
      At line 24 in file ..\Src\osKernel.s
   Uses
      None
Comment: SysTick_Handler unused
osSchedulerLauch 00000052




ARM Macro Assembler    Page 2 Alphabetic symbol ordering
Relocatable symbols

Symbol: osSchedulerLauch
   Definitions
      At line 58 in file ..\Src\osKernel.s
   Uses
      None
Comment: osSchedulerLauch unused
8 symbols



ARM Macro Assembler    Page 1 Alphabetic symbol ordering
External symbols

GreenLedToggle 00000000

Symbol: GreenLedToggle
   Definitions
      At line 9 in file ..\Src\osKernel.s
   Uses
      None
Comment: GreenLedToggle unused
HAL_IncTick 00000000

Symbol: HAL_IncTick
   Definitions
      At line 8 in file ..\Src\osKernel.s
   Uses
      At line 26 in file ..\Src\osKernel.s
Comment: HAL_IncTick used once
currentPt 00000000

Symbol: currentPt
   Definitions
      At line 5 in file ..\Src\osKernel.s
   Uses
      At line 33 in file ..\Src\osKernel.s
      At line 46 in file ..\Src\osKernel.s
      At line 59 in file ..\Src\osKernel.s

osSchedulerRoundRobin 00000000

Symbol: osSchedulerRoundRobin
   Definitions
      At line 10 in file ..\Src\osKernel.s
   Uses
      At line 50 in file ..\Src\osKernel.s
Comment: osSchedulerRoundRobin used once
uwTick 00000000

Symbol: uwTick
   Definitions
      At line 6 in file ..\Src\osKernel.s
   Uses
      None
Comment: uwTick unused
uwTickFreq 00000000

Symbol: uwTickFreq
   Definitions
      At line 7 in file ..\Src\osKernel.s
   Uses
      None
Comment: uwTickFreq unused
6 symbols
350 symbols in table
